Success (3):
datatype 2052 {urn:com:appian:types}DemoDevOpsCDT "{urn:com:appian:types}DemoDevOpsCDT"
dataStore 4235 _a-0000de95-ddcf-8000-3120-01ef9001ef90_4288 "DemoDevOpsDS"
application 4232 _a-0000de95-ddcf-8000-3120-01ef9001ef90_4287 "DemoDevOps"

Referenced precedents that were not exported (1):
user 467095 467095

Trace:
2017-03-31 06:55:54.197 DEBUG application 4232 _a-0000de95-ddcf-8000-3120-01ef9001ef90_4287 Begin transport.
2017-03-31 06:55:54.197 DEBUG application 4232 _a-0000de95-ddcf-8000-3120-01ef9001ef90_4287 Retrieving object data.
2017-03-31 06:55:54.201 DEBUG application 4232 _a-0000de95-ddcf-8000-3120-01ef9001ef90_4287 App associated objects: [datatype=[{urn:com:appian:types}DemoDevOpsCDT],dataStore=[_a-0000de95-ddcf-8000-3120-01ef9001ef90_4288]]
2017-03-31 06:55:54.202 DEBUG application 4232 _a-0000de95-ddcf-8000-3120-01ef9001ef90_4287 Invalid associated objects: []
2017-03-31 06:55:54.205 DEBUG application 4232 _a-0000de95-ddcf-8000-3120-01ef9001ef90_4287 Adding valid associated objects to be exported: GlobalBindingMap[datatype={{urn:com:appian:types}DemoDevOpsCDT=2052},dataStore={_a-0000de95-ddcf-8000-3120-01ef9001ef90_4288=4235}]
2017-03-31 06:55:54.205 DEBUG application 4232 _a-0000de95-ddcf-8000-3120-01ef9001ef90_4287 Setting uuids of object references.
2017-03-31 06:55:54.205 DEBUG application 4232 _a-0000de95-ddcf-8000-3120-01ef9001ef90_4287 Processing reference: Application.forum
2017-03-31 06:55:54.205 DEBUG application 4232 _a-0000de95-ddcf-8000-3120-01ef9001ef90_4287 Processing reference: Application.parent
2017-03-31 06:55:54.21 DEBUG application 4232 _a-0000de95-ddcf-8000-3120-01ef9001ef90_4287 Processing reference: com.appiancorp.suiteapi.content.ContentRoleMap@4a99acd8[
  ContentRole[name=readers,inherit=false,allowForAll=false]
  ContentRole[name=authors,inherit=false,allowForAll=false]
  ContentRole[name=administrators,usernames=[467095],inherit=false,allowForAll=false]
  ContentRole[name=denyReaders,inherit=false,allowForAll=false]
  ContentRole[name=denyAuthors,inherit=false,allowForAll=false]
  ContentRole[name=denyAdministrators,inherit=false,allowForAll=false]
  securityVector=129:SEC_PUBLIC=true,SEC_CREATOR_ADMIN=true,SEC_INH_ADMIN=false,SEC_INH_EDITOR=false,SEC_INH_VIEWER=false,SEC_ALL_ADMIN=false,SEC_ALL_EDITOR=false,SEC_ALL_VIEWER=false
]
2017-03-31 06:55:54.211 DEBUG application 4232 _a-0000de95-ddcf-8000-3120-01ef9001ef90_4287 Processing reference: ContentRole[name=readers,inherit=false,allowForAll=false]
2017-03-31 06:55:54.211 DEBUG application 4232 _a-0000de95-ddcf-8000-3120-01ef9001ef90_4287 Processing reference: ContentRole[name=authors,inherit=false,allowForAll=false]
2017-03-31 06:55:54.211 DEBUG application 4232 _a-0000de95-ddcf-8000-3120-01ef9001ef90_4287 Processing reference: ContentRole[name=administrators,usernames=[467095],inherit=false,allowForAll=false]
2017-03-31 06:55:54.212 DEBUG application 4232 _a-0000de95-ddcf-8000-3120-01ef9001ef90_4287 Processing reference: ContentRole[name=denyReaders,inherit=false,allowForAll=false]
2017-03-31 06:55:54.212 DEBUG application 4232 _a-0000de95-ddcf-8000-3120-01ef9001ef90_4287 Processing reference: ContentRole[name=denyAuthors,inherit=false,allowForAll=false]
2017-03-31 06:55:54.212 DEBUG application 4232 _a-0000de95-ddcf-8000-3120-01ef9001ef90_4287 Processing reference: ContentRole[name=denyAdministrators,inherit=false,allowForAll=false]
2017-03-31 06:55:54.212 DEBUG datatype 2052 {urn:com:appian:types}DemoDevOpsCDT Begin transport.
2017-03-31 06:55:54.212 DEBUG datatype 2052 {urn:com:appian:types}DemoDevOpsCDT Retrieving object data.
2017-03-31 06:55:54.221 DEBUG datatype 2052 {urn:com:appian:types}DemoDevOpsCDT Setting uuids of object references.
2017-03-31 06:55:54.222 DEBUG datatype 2052 {urn:com:appian:types}DemoDevOpsCDT Completing produce.
2017-03-31 06:55:54.222 DEBUG datatype 2052 {urn:com:appian:types}DemoDevOpsCDT Exporting binary resources.
2017-03-31 06:55:54.222 DEBUG datatype 2052 {urn:com:appian:types}DemoDevOpsCDT Serializing object to XML.
2017-03-31 06:55:54.227 DEBUG datatype 2052 {urn:com:appian:types}DemoDevOpsCDT Object transported.
2017-03-31 06:55:54.232 DEBUG dataStore 4235 _a-0000de95-ddcf-8000-3120-01ef9001ef90_4288 Begin transport.
2017-03-31 06:55:54.232 DEBUG dataStore 4235 _a-0000de95-ddcf-8000-3120-01ef9001ef90_4288 Retrieving object data.
2017-03-31 06:55:54.234 DEBUG dataStore 4235 _a-0000de95-ddcf-8000-3120-01ef9001ef90_4288 Setting uuids of object references.
2017-03-31 06:55:54.234 DEBUG dataStore 4235 _a-0000de95-ddcf-8000-3120-01ef9001ef90_4288 Processing reference: datatypeRef[id=2052]
2017-03-31 06:55:54.238 DEBUG dataStore 4235 _a-0000de95-ddcf-8000-3120-01ef9001ef90_4288 Processing reference: ContentRole[name=administrators,inherit=false,allowForAll=false]
2017-03-31 06:55:54.238 DEBUG dataStore 4235 _a-0000de95-ddcf-8000-3120-01ef9001ef90_4288 Processing reference: ContentRole[name=authors,inherit=false,allowForAll=false]
2017-03-31 06:55:54.238 DEBUG dataStore 4235 _a-0000de95-ddcf-8000-3120-01ef9001ef90_4288 Processing reference: ContentRole[name=denyAdministrators,inherit=false,allowForAll=false]
2017-03-31 06:55:54.238 DEBUG dataStore 4235 _a-0000de95-ddcf-8000-3120-01ef9001ef90_4288 Processing reference: ContentRole[name=denyAuthors,inherit=false,allowForAll=false]
2017-03-31 06:55:54.239 DEBUG dataStore 4235 _a-0000de95-ddcf-8000-3120-01ef9001ef90_4288 Processing reference: ContentRole[name=denyReaders,inherit=false,allowForAll=false]
2017-03-31 06:55:54.239 DEBUG dataStore 4235 _a-0000de95-ddcf-8000-3120-01ef9001ef90_4288 Processing reference: ContentRole[name=readers,inherit=false,allowForAll=false]
2017-03-31 06:55:54.239 DEBUG dataStore 4235 _a-0000de95-ddcf-8000-3120-01ef9001ef90_4288 Completing produce.
2017-03-31 06:55:54.239 DEBUG dataStore 4235 _a-0000de95-ddcf-8000-3120-01ef9001ef90_4288 Exporting binary resources.
2017-03-31 06:55:54.239 DEBUG dataStore 4235 _a-0000de95-ddcf-8000-3120-01ef9001ef90_4288 Serializing object to XML.
2017-03-31 06:55:54.251 DEBUG dataStore 4235 _a-0000de95-ddcf-8000-3120-01ef9001ef90_4288 Object transported.
2017-03-31 06:55:54.251 DEBUG application 4232 _a-0000de95-ddcf-8000-3120-01ef9001ef90_4287 Completing produce.
2017-03-31 06:55:54.251 DEBUG application 4232 _a-0000de95-ddcf-8000-3120-01ef9001ef90_4287 Exporting binary resources.
2017-03-31 06:55:54.251 DEBUG application 4232 _a-0000de95-ddcf-8000-3120-01ef9001ef90_4287 Serializing object to XML.
2017-03-31 06:55:54.252 DEBUG application 4232 _a-0000de95-ddcf-8000-3120-01ef9001ef90_4287 Object transported.
